<?xml version="1.0" encoding="UTF-8"?>
<!-- Generated by org.testng.reporters.JUnitReportReporter -->
<testsuite hostname="DESKTOP-TNINED8" failures="0" tests="1" name="goldenindia.RestaurantGroupAdmin.TestCases.LoginPageTestCases" time="4.604" errors="0" timestamp="2024-12-16T19:13:32 IST" skipped="0">
  <testcase classname="goldenindia.RestaurantGroupAdmin.TestCases.LoginPageTestCases" name="loginToThePanel" time="4.604"/>
</testsuite> <!-- goldenindia.RestaurantGroupAdmin.TestCases.LoginPageTestCases -->
