<?xml version="1.0" encoding="UTF-8"?>
<!-- Generated by org.testng.reporters.JUnitReportReporter -->
<testsuite hostname="Chaitanya-MacBook.local" failures="0" tests="3" name="goldenindia.RestaurantGroupAdmin.TestCases.DashboardPageTestCases" time="26.011" errors="0" timestamp="2024-08-01T16:30:19 IST" skipped="0">
  <testcase classname="goldenindia.RestaurantGroupAdmin.TestCases.DashboardPageTestCases" name="travellingEachTab" time="20.210"/>
  <testcase classname="goldenindia.RestaurantGroupAdmin.TestCases.DashboardPageTestCases" name="testDashboardValuesChangeAfterBranchSelection" time="5.743"/>
  <testcase classname="goldenindia.RestaurantGroupAdmin.TestCases.DashboardPageTestCases" name="gettingDashboardName" time="0.058"/>
</testsuite> <!-- goldenindia.RestaurantGroupAdmin.TestCases.DashboardPageTestCases -->
