<?xml version="1.0" encoding="UTF-8"?>
<!-- Generated by org.testng.reporters.JUnitReportReporter -->
<testsuite hostname="DESKTOP-TNINED8" failures="0" tests="1" name="goldenindia.RestaurantGroupAdmin.TestCases.MenuManagementTestCases" time="12.137" errors="0" timestamp="2024-12-16T19:13:32 IST" skipped="0">
  <testcase classname="goldenindia.RestaurantGroupAdmin.TestCases.MenuManagementTestCases" name="verifyUserCreatingMenu" time="12.137"/>
</testsuite> <!-- goldenindia.RestaurantGroupAdmin.TestCases.MenuManagementTestCases -->
