<?xml version="1.0" encoding="UTF-8"?>
<!-- Generated by org.testng.reporters.JUnitReportReporter -->
<testsuite hostname="DESKTOP-TNINED8" failures="0" tests="1" name="goldenindia.RestaurantGroupAdmin.TestCases.MenuManagementTesCases" time="0.028" errors="0" timestamp="2024-12-16T14:55:37 IST" skipped="0">
  <testcase classname="goldenindia.RestaurantGroupAdmin.TestCases.MenuManagementTesCases" name="verifyUserCreatingMenu" time="0.028"/>
</testsuite> <!-- goldenindia.RestaurantGroupAdmin.TestCases.MenuManagementTesCases -->
