<?xml version="1.0" encoding="UTF-8"?>
<!-- Generated by org.testng.reporters.JUnitReportReporter -->
<testsuite hostname="DESKTOP-TNINED8" failures="0" tests="1" name="goldenindia.RestaurantGroupAdmin.TestCases.CouponVoucherTestCases" time="24.585" errors="0" timestamp="2024-12-13T18:27:36 IST" skipped="0">
  <testcase classname="goldenindia.RestaurantGroupAdmin.TestCases.CouponVoucherTestCases" name="testUserabletoaddVoucher" time="24.585"/>
</testsuite> <!-- goldenindia.RestaurantGroupAdmin.TestCases.CouponVoucherTestCases -->
