<?xml version="1.0" encoding="UTF-8"?>
<!-- Generated by org.testng.reporters.JUnitReportReporter -->
<testsuite hostname="DESKTOP-TNINED8" failures="0" tests="5" name="goldenindia.RestaurantGroupAdmin.TestCases.BranchesPageTestCases" time="112.290" errors="0" timestamp="2024-12-13T18:27:36 IST" skipped="0">
  <testcase classname="goldenindia.RestaurantGroupAdmin.TestCases.BranchesPageTestCases" name="testCreatingNewBranch" time="15.880"/>
  <testcase classname="goldenindia.RestaurantGroupAdmin.TestCases.BranchesPageTestCases" name="testAddingTablesInBranches" time="84.723"/>
  <testcase classname="goldenindia.RestaurantGroupAdmin.TestCases.BranchesPageTestCases" name="testCreatingManagerInBranches" time="6.438"/>
  <testcase classname="goldenindia.RestaurantGroupAdmin.TestCases.BranchesPageTestCases" name="testCreatingServiceStaffInBranches" time="2.062"/>
  <testcase classname="goldenindia.RestaurantGroupAdmin.TestCases.BranchesPageTestCases" name="testCreatingKitchenStaffInBranches" time="3.187"/>
</testsuite> <!-- goldenindia.RestaurantGroupAdmin.TestCases.BranchesPageTestCases -->
