<?xml version="1.0" encoding="UTF-8"?>
<!-- Generated by org.testng.reporters.JUnitReportReporter -->
<testsuite hostname="DESKTOP-TNINED8" failures="0" tests="5" name="goldenindia.RestaurantGroupAdmin.TestCases.BranchesPageTestCases" time="113.521" errors="0" timestamp="2024-12-10T14:46:43 IST" skipped="0">
  <testcase classname="goldenindia.RestaurantGroupAdmin.TestCases.BranchesPageTestCases" name="testCreatingNewBranch" time="16.713"/>
  <testcase classname="goldenindia.RestaurantGroupAdmin.TestCases.BranchesPageTestCases" name="testAddingTablesInBranches" time="84.804"/>
  <testcase classname="goldenindia.RestaurantGroupAdmin.TestCases.BranchesPageTestCases" name="testCreatingManagerInBranches" time="6.343"/>
  <testcase classname="goldenindia.RestaurantGroupAdmin.TestCases.BranchesPageTestCases" name="testCreatingServiceStaffInBranches" time="2.356"/>
  <testcase classname="goldenindia.RestaurantGroupAdmin.TestCases.BranchesPageTestCases" name="testCreatingKitchenStaffInBranches" time="3.305"/>
</testsuite> <!-- goldenindia.RestaurantGroupAdmin.TestCases.BranchesPageTestCases -->
